<?xml version="1.0" encoding="UTF-8"?>
<!-- Generated by org.testng.reporters.JUnitReportReporter -->
<testsuite hostname="sbheemireddy-PC" name="selenium.example.TestCode" tests="2" failures="0" timestamp="9 Feb 2015 06:07:24 GMT" time="0.032" errors="0">
  <testcase name="method4" time="0.004" classname="selenium.example.TestCode"/>
  <testcase name="method1" time="0.028" classname="selenium.example.TestCode"/>
</testsuite> <!-- selenium.example.TestCode -->
