<?xml version="1.0" encoding="UTF-8"?>
<!-- Generated by org.testng.reporters.JUnitReportReporter -->
<testsuite hostname="FASUR-PC" name="selenium.example.DataProviders" tests="2" failures="0" timestamp="1 Feb 2016 06:34:47 GMT" time="0.016" errors="0">
  <testcase name="testcase1" time="0.015" classname="selenium.example.DataProviders"/>
  <testcase name="testcase1" time="0.001" classname="selenium.example.DataProviders"/>
</testsuite> <!-- selenium.example.DataProviders -->
