<?xml version="1.0" encoding="UTF-8"?>
<!-- Generated by org.testng.reporters.JUnitReportReporter -->
<testsuite hostname="sbheemireddy-PC" name="selenium.example.TestCode1" tests="1" failures="0" timestamp="9 Feb 2015 06:19:29 GMT" time="0.011" errors="0">
  <testcase name="method1" time="0.011" classname="selenium.example.TestCode1"/>
</testsuite> <!-- selenium.example.TestCode1 -->
