<?xml version="1.0" encoding="UTF-8"?>
<!-- Generated by org.testng.reporters.JUnitReportReporter -->
<testsuite hostname="sbheemireddy-PC" name="selenium.example.GridExample" tests="2" failures="0" timestamp="9 Mar 2015 10:26:37 GMT" time="39.950" errors="0">
  <testcase name="testcase2" time="24.960" classname="selenium.example.GridExample"/>
  <testcase name="testcase2" time="14.990" classname="selenium.example.GridExample"/>
</testsuite> <!-- selenium.example.GridExample -->
