<?xml version="1.0" encoding="UTF-8"?>
<!-- Generated by org.testng.reporters.JUnitReportReporter -->
<testsuite hostname="FASUR-PC" name="org.java.programs.ExcelFileRead" tests="2" failures="0" timestamp="18 Feb 2016 12:03:34 GMT" time="0.009" errors="0">
  <testcase name="testcase1" time="0.001" classname="org.java.programs.ExcelFileRead"/>
  <testcase name="testcase1" time="0.008" classname="org.java.programs.ExcelFileRead"/>
</testsuite> <!-- org.java.programs.ExcelFileRead -->
