<?xml version="1.0" encoding="UTF-8"?>
<!-- Generated by org.testng.reporters.JUnitReportReporter -->
<testsuite hostname="sbheemireddy-PC" name="selenium.example.TestCode2" tests="1" failures="0" timestamp="4 Mar 2015 09:15:25 GMT" time="16.534" errors="0">
  <testcase name="method1" time="16.534" classname="selenium.example.TestCode2"/>
</testsuite> <!-- selenium.example.TestCode2 -->
