<?xml version="1.0" encoding="UTF-8"?>
<!-- Generated by org.testng.reporters.JUnitReportReporter -->
<testsuite hostname="sbheemireddy-PC" name="selenium.example.GridExample1" tests="1" failures="0" timestamp="6 Mar 2015 04:33:33 GMT" time="17.940" errors="0">
  <testcase name="testcase3" time="17.940" classname="selenium.example.GridExample1"/>
</testsuite> <!-- selenium.example.GridExample1 -->
